# JRE version: OpenJDK Runtime Environment (8.0_242-b01) (build 1.8.0_242-release-1644-b01)
# Java VM: OpenJDK 64-Bit Server VM (25.242-b01 mixed mode windows-amd64 compressed oops)
Heap:
 PSYoungGen      total 608256K, used 216061K [0x00000000d5580000, 0x0000000100000000, 0x0000000100000000)
  eden space 564736K, 30% used [0x00000000d5580000,0x00000000dfe05048,0x00000000f7d00000)
  from space 43520K, 99% used [0x00000000fd280000,0x00000000ffcfa4e8,0x00000000ffd00000)
  to   space 67072K, 0% used [0x00000000f7d00000,0x00000000f7d00000,0x00000000fbe80000)
 ParOldGen       total 255488K, used 176894K [0x0000000080000000, 0x000000008f980000, 0x00000000d5580000)
  object space 255488K, 69% used [0x0000000080000000,0x000000008acbf8e8,0x000000008f980000)
 Metaspace       used 104405K, capacity 109932K, committed 109952K, reserved 1144832K
  class space    used 13614K, capacity 14704K, committed 14720K, reserved 1048576K
GC Heap History (10 events):
Event: 159.871 GC heap before
{Heap before GC invocations=34 (full 4):
 PSYoungGen      total 645120K, used 610546K [0x00000000d5580000, 0x00000000ffa80000, 0x0000000100000000)
  eden space 594432K, 100% used [0x00000000d5580000,0x00000000f9a00000,0x00000000f9a00000)
  from space 50688K, 31% used [0x00000000f9a00000,0x00000000fa9bc8c8,0x00000000fcb80000)
  to   space 48128K, 0% used [0x00000000fcb80000,0x00000000fcb80000,0x00000000ffa80000)
 ParOldGen       total 255488K, used 108191K [0x0000000080000000, 0x000000008f980000, 0x00000000d5580000)
  object space 255488K, 42% used [0x0000000080000000,0x00000000869a7fe8,0x000000008f980000)
 Metaspace       used 101344K, capacity 106508K, committed 106752K, reserved 1142784K
  class space    used 13240K, capacity 14252K, committed 14336K, reserved 1048576K
Event: 159.904 GC heap after
Heap after GC invocations=34 (full 4):
 PSYoungGen      total 645632K, used 2929K [0x00000000d5580000, 0x00000000ffc80000, 0x0000000100000000)
  eden space 597504K, 0% used [0x00000000d5580000,0x00000000d5580000,0x00000000f9d00000)
  from space 48128K, 6% used [0x00000000fcb80000,0x00000000fce5c408,0x00000000ffa80000)
  to   space 47616K, 0% used [0x00000000f9d00000,0x00000000f9d00000,0x00000000fcb80000)
 ParOldGen       total 255488K, used 117055K [0x0000000080000000, 0x000000008f980000, 0x00000000d5580000)
  object space 255488K, 45% used [0x0000000080000000,0x000000008724fd80,0x000000008f980000)
 Metaspace       used 101344K, capacity 106508K, committed 106752K, reserved 1142784K
  class space    used 13240K, capacity 14252K, committed 14336K, reserved 1048576K
}
Event: 161.704 GC heap before
{Heap before GC invocations=35 (full 4):
 PSYoungGen      total 645632K, used 600433K [0x00000000d5580000, 0x00000000ffc80000, 0x0000000100000000)
  eden space 597504K, 100% used [0x00000000d5580000,0x00000000f9d00000,0x00000000f9d00000)
  from space 48128K, 6% used [0x00000000fcb80000,0x00000000fce5c408,0x00000000ffa80000)
  to   space 47616K, 0% used [0x00000000f9d00000,0x00000000f9d00000,0x00000000fcb80000)
 ParOldGen       total 255488K, used 117055K [0x0000000080000000, 0x000000008f980000, 0x00000000d5580000)
  object space 255488K, 45% used [0x0000000080000000,0x000000008724fd80,0x000000008f980000)
 Metaspace       used 101379K, capacity 106578K, committed 106752K, reserved 1142784K
  class space    used 13240K, capacity 14253K, committed 14336K, reserved 1048576K
Event: 161.730 GC heap after
Heap after GC invocations=35 (full 4):
 PSYoungGen      total 645120K, used 18637K [0x00000000d5580000, 0x00000000ffa80000, 0x0000000100000000)
  eden space 597504K, 0% used [0x00000000d5580000,0x00000000d5580000,0x00000000f9d00000)
  from space 47616K, 39% used [0x00000000f9d00000,0x00000000faf33570,0x00000000fcb80000)
  to   space 45056K, 0% used [0x00000000fce80000,0x00000000fce80000,0x00000000ffa80000)
 ParOldGen       total 255488K, used 117751K [0x0000000080000000, 0x000000008f980000, 0x00000000d5580000)
  object space 255488K, 46% used [0x0000000080000000,0x00000000872fddd8,0x000000008f980000)
 Metaspace       used 101379K, capacity 106578K, committed 106752K, reserved 1142784K
  class space    used 13240K, capacity 14253K, committed 14336K, reserved 1048576K
}
Event: 163.236 GC heap before
{Heap before GC invocations=36 (full 4):
 PSYoungGen      total 645120K, used 616141K [0x00000000d5580000, 0x00000000ffa80000, 0x0000000100000000)
  eden space 597504K, 100% used [0x00000000d5580000,0x00000000f9d00000,0x00000000f9d00000)
  from space 47616K, 39% used [0x00000000f9d00000,0x00000000faf33570,0x00000000fcb80000)
  to   space 45056K, 0% used [0x00000000fce80000,0x00000000fce80000,0x00000000ffa80000)
 ParOldGen       total 255488K, used 117751K [0x0000000080000000, 0x000000008f980000, 0x00000000d5580000)
  object space 255488K, 46% used [0x0000000080000000,0x00000000872fddd8,0x000000008f980000)
 Metaspace       used 101395K, capacity 106578K, committed 106752K, reserved 1142784K
  class space    used 13240K, capacity 14253K, committed 14336K, reserved 1048576K
Event: 163.278 GC heap after
Heap after GC invocations=36 (full 4):
 PSYoungGen      total 648192K, used 3334K [0x00000000d5580000, 0x00000000ffd80000, 0x0000000100000000)
  eden space 603136K, 0% used [0x00000000d5580000,0x00000000d5580000,0x00000000fa280000)
  from space 45056K, 7% used [0x00000000fce80000,0x00000000fd1c1970,0x00000000ffa80000)
  to   space 45056K, 0% used [0x00000000fa280000,0x00000000fa280000,0x00000000fce80000)
 ParOldGen       total 255488K, used 132383K [0x0000000080000000, 0x000000008f980000, 0x00000000d5580000)
  object space 255488K, 51% used [0x0000000080000000,0x0000000088147da8,0x000000008f980000)
 Metaspace       used 101395K, capacity 106578K, committed 106752K, reserved 1142784K
  class space    used 13240K, capacity 14253K, committed 14336K, reserved 1048576K
}
Event: 164.802 GC heap before
{Heap before GC invocations=37 (full 4):
 PSYoungGen      total 648192K, used 606470K [0x00000000d5580000, 0x00000000ffd80000, 0x0000000100000000)
  eden space 603136K, 100% used [0x00000000d5580000,0x00000000fa280000,0x00000000fa280000)
  from space 45056K, 7% used [0x00000000fce80000,0x00000000fd1c1970,0x00000000ffa80000)
  to   space 45056K, 0% used [0x00000000fa280000,0x00000000fa280000,0x00000000fce80000)
 ParOldGen       total 255488K, used 132383K [0x0000000080000000, 0x000000008f980000, 0x00000000d5580000)
  object space 255488K, 51% used [0x0000000080000000,0x0000000088147da8,0x000000008f980000)
 Metaspace       used 101521K, capacity 106648K, committed 106752K, reserved 1142784K
  class space    used 13255K, capacity 14254K, committed 14336K, reserved 1048576K
Event: 164.830 GC heap after
Heap after GC invocations=37 (full 4):
 PSYoungGen      total 648192K, used 8242K [0x00000000d5580000, 0x00000000ffd00000, 0x0000000100000000)
  eden space 603136K, 0% used [0x00000000d5580000,0x00000000d5580000,0x00000000fa280000)
  from space 45056K, 18% used [0x00000000fa280000,0x00000000faa8ca18,0x00000000fce80000)
  to   space 43520K, 0% used [0x00000000fd280000,0x00000000fd280000,0x00000000ffd00000)
 ParOldGen       total 255488K, used 134006K [0x0000000080000000, 0x000000008f980000, 0x00000000d5580000)
  object space 255488K, 52% used [0x0000000080000000,0x00000000882ddbe8,0x000000008f980000)
 Metaspace       used 101521K, capacity 106648K, committed 106752K, reserved 1142784K
  class space    used 13255K, capacity 14254K, committed 14336K, reserved 1048576K
}
Event: 168.829 GC heap before
{Heap before GC invocations=38 (full 4):
 PSYoungGen      total 648192K, used 611378K [0x00000000d5580000, 0x00000000ffd00000, 0x0000000100000000)
  eden space 603136K, 100% used [0x00000000d5580000,0x00000000fa280000,0x00000000fa280000)
  from space 45056K, 18% used [0x00000000fa280000,0x00000000faa8ca18,0x00000000fce80000)
  to   space 43520K, 0% used [0x00000000fd280000,0x00000000fd280000,0x00000000ffd00000)
 ParOldGen       total 255488K, used 134006K [0x0000000080000000, 0x000000008f980000, 0x00000000d5580000)
  object space 255488K, 52% used [0x0000000080000000,0x00000000882ddbe8,0x000000008f980000)
 Metaspace       used 102469K, capacity 107764K, committed 107904K, reserved 1142784K
  class space    used 13350K, capacity 14372K, committed 14464K, reserved 1048576K
Event: 169.092 GC heap after
Heap after GC invocations=38 (full 4):
 PSYoungGen      total 608256K, used 43497K [0x00000000d5580000, 0x0000000100000000, 0x0000000100000000)
  eden space 564736K, 0% used [0x00000000d5580000,0x00000000d5580000,0x00000000f7d00000)
  from space 43520K, 99% used [0x00000000fd280000,0x00000000ffcfa4e8,0x00000000ffd00000)
  to   space 67072K, 0% used [0x00000000f7d00000,0x00000000f7d00000,0x00000000fbe80000)
 ParOldGen       total 255488K, used 176894K [0x0000000080000000, 0x000000008f980000, 0x00000000d5580000)
  object space 255488K, 69% used [0x0000000080000000,0x000000008acbf8e8,0x000000008f980000)
 Metaspace       used 102469K, capacity 107764K, committed 107904K, reserved 1142784K
  class space    used 13350K, capacity 14372K, committed 14464K, reserved 1048576K
}

